{"/Users/dwilt/Documents/GitHub/react-drag-to-select/src/utils/boxes.ts": {"path":"/Users/dwilt/Documents/GitHub/react-drag-to-select/src/utils/boxes.ts","statementMap":{"0":{"start":{"line":7,"column":30},"end":{"line":8,"column":6}},"1":{"start":{"line":8,"column":2},"end":{"line":11,"column":37}},"2":{"start":{"line":7,"column":13},"end":{"line":7,"column":30}},"3":{"start":{"line":13,"column":37},"end":{"line":19,"column":7}},"4":{"start":{"line":14,"column":12},"end":{"line":14,"column":null}},"5":{"start":{"line":15,"column":10},"end":{"line":15,"column":null}},"6":{"start":{"line":19,"column":6},"end":{"line":24,"column":3}},"7":{"start":{"line":13,"column":13},"end":{"line":13,"column":37}},"8":{"start":{"line":26,"column":32},"end":{"line":26,"column":49}},"9":{"start":{"line":26,"column":46},"end":{"line":26,"column":69}},"10":{"start":{"line":26,"column":13},"end":{"line":26,"column":32}}},"fnMap":{"0":{"name":"(anonymous_0)","decl":{"start":{"line":7,"column":30},"end":{"line":7,"column":31}},"loc":{"start":{"line":7,"column":51},"end":{"line":8,"column":6}}},"1":{"name":"(anonymous_1)","decl":{"start":{"line":13,"column":37},"end":{"line":13,"column":38}},"loc":{"start":{"line":19,"column":1},"end":{"line":19,"column":7}}},"2":{"name":"(anonymous_2)","decl":{"start":{"line":26,"column":32},"end":{"line":26,"column":33}},"loc":{"start":{"line":26,"column":41},"end":{"line":26,"column":49}}}},"branchMap":{"0":{"loc":{"start":{"line":8,"column":2},"end":{"line":11,"column":36}},"type":"binary-expr","locations":[{"start":{"line":8,"column":2},"end":{"line":8,"column":37}},{"start":{"line":9,"column":2},"end":{"line":9,"column":37}},{"start":{"line":10,"column":2},"end":{"line":10,"column":36}},{"start":{"line":11,"column":2},"end":{"line":11,"column":36}}]}},"s":{"0":1,"1":8,"2":1,"3":1,"4":0,"5":0,"6":0,"7":1,"8":1,"9":1,"10":1},"f":{"0":8,"1":0,"2":1},"b":{"0":[8,8,7,7]}}
}
